KAA8529196
KAG6411169
CAA9454332
CAE21967
CAE08663
KAA8529196
CAA9454332
CAE21967
CAE08663
KAA8529196
KAA8529196
KAA8529196
KAA8529196
KAA8529196
KAA8529196
CAA9454332
CAE21967
CAE08663
CAA9454332
CAE21967
CAE08663
CAA9454332
CAE21967
CAE08663
CAA9454332
CAE21967
CAE08663
CAA9454332
CAE21967
CAE08663
CAA9454332
CAE21967
CAE08663
CAA9454332
CAE21967
CAE08663
CAA9454332
CAE21967
CAE08663
CAA9454332
CAE21967
CAE08663
CAA9454332
CAE21967
CAE08663
CAA9454332
CAE21967
CAE08663
CAA9454332
CAE21967
CAE08663
CAE21967
CAE08663
CAE21967
CAE08663
CAE21967
CAE08663
CAE21967
CAE08663
CAE21967
CAE08663
CAE21967
CAE08663
CAE21967
CAE08663
CAE08663
CAE08663
CAE08663
CAE08663
CAE08663
CAE08663
CAE08663
CAE21967
CAE08663
CAE21967
CAE21967
CAE21967
CAE21967
CAE21967
CAE08663
CAE21967
CAE08663
CAE21967
CAE08663
CAE21967
CAE08663
CAA9454332
CAE21967
CAE08663
CAA9454332
CAA9454332
CAA9454332
CAA9454332
CAA9454332
CAA9454332
CAA9454332
CAA9454332
CAA9454332
CAA9454332
CAA9454332
CAA9454332
CAA9454332
CAA9454332
CAA9454332
CAE21967
CAE08663
CAA9454332
CAE21967
CAE08663
CAA9454332
CAE21967
CAE08663
CAA9454332
CAE21967
CAE08663
CAA9454332
CAE21967
CAE08663
CAA9454332
CAE21967
CAE08663
CAA9454332
CAE21967
CAE08663
KAA8529196
CAA9454332
CAE21967
CAE08663
KAA8529196
KAG6411169
CAA9454332
CAE21967
CAE08663
KAG6411169
KAG6411169
KAG6411169
KAG6411169
KAG6411169
KAG6411169
KAG6411169
KAG6411169
KAG6411169
KAG6411169
KAG6411169
KAG6411169
KAA8529196
KAG6411169
CAA9454332
CAE21967
CAE08663
KAA8529196
KAG6411169
CAA9454332
CAE21967
CAE08663
ADE75982	Eukaryota; Viridiplantae; Streptophyta; Streptophytina; Embryophyta; Tracheophyta; Euphyllophyta; Spermatophyta; Acrogymnospermae; Pinopsida; Pinidae; Conifers I; Pinaceae; Picea; Picea sitchensis
CAD1826509	Eukaryota; Viridiplantae; Streptophyta; Streptophytina; Embryophyta; Tracheophyta; Euphyllophyta; Spermatophyta; Magnoliopsida; Mesangiospermae; Liliopsida; Petrosaviidae; commelinids; Poales; Bromeliaceae; Bromelioideae; Ananas; Ananas comosus; Ananas comosus var. bracteatus	1	2
CAD6245124	Eukaryota; Viridiplantae; Streptophyta; Streptophytina; Embryophyta; Tracheophyta; Euphyllophyta; Spermatophyta; Magnoliopsida; Mesangiospermae; Liliopsida; Petrosaviidae; commelinids; Poales; Poaceae; PACMAD clade; Panicoideae; Andropogonodae; Andropogoneae; Saccharinae; Miscanthus; Miscanthus lutarioriparius	1	38
CAH25350	Eukaryota; Cryptophyceae; Pyrenomonadales; Geminigeraceae; Guillardia; Guillardia theta
GAQ82212	Eukaryota; Viridiplantae; Streptophyta; Klebsormidiophyceae; Klebsormidiales; Klebsormidiaceae; Klebsormidium; Klebsormidium nitens
GAV59171	Eukaryota; Viridiplantae; Streptophyta; Streptophytina; Embryophyta; Tracheophyta; Euphyllophyta; Spermatophyta; Magnoliopsida; Mesangiospermae; eudicotyledons; Gunneridae; Pentapetalae; rosids; fabids; Oxalidales; Cephalotaceae; Cephalotus; Cephalotus follicularis	1	37
GHP03958	Eukaryota; Viridiplantae; Chlorophyta; prasinophyte incertae sedis; Pycnococcaceae; Pycnococcus; Pycnococcus provasolii
KAA8491997	Eukaryota; Rhodophyta; Bangiophyceae; Porphyridiales; Porphyridiaceae; Porphyridium; Porphyridium purpureum	1	2
KAB5538236	Eukaryota; Viridiplantae; Streptophyta; Streptophytina; Embryophyta; Tracheophyta; Euphyllophyta; Spermatophyta; Magnoliopsida; Mesangiospermae; eudicotyledons; Gunneridae; Pentapetalae; rosids; fabids; Malpighiales; Salicaceae; Saliceae; Salix; Salix brachista	1	2
KAF3437883	Eukaryota; Viridiplantae; Streptophyta; Streptophytina; Embryophyta; Tracheophyta; Euphyllophyta; Spermatophyta; Magnoliopsida; Mesangiospermae; eudicotyledons; Gunneridae; Pentapetalae; rosids; fabids; Rosales; Rhamnaceae; rhamnoid group; Rhamneae; Rhamnella; Rhamnella rubrinervis	1	30
KAF6002980	Eukaryota; Rhodophyta; Bangiophyceae; Cyanidiales; Cyanidiaceae; Cyanidiococcus; Cyanidiococcus yangmingshanensis	1	7
KAF6147157	Eukaryota; Viridiplantae; Streptophyta; Streptophytina; Embryophyta; Tracheophyta; Euphyllophyta; Spermatophyta; Magnoliopsida; Mesangiospermae; Ranunculales; Circaeasteraceae; Kingdonia; Kingdonia uniflora
KAG5240374	Eukaryota; Viridiplantae; Streptophyta; Streptophytina; Embryophyta; Tracheophyta; Euphyllophyta; Spermatophyta; Magnoliopsida; Mesangiospermae; eudicotyledons; Gunneridae; Pentapetalae; rosids; fabids; Malpighiales; Salicaceae; Saliceae; Salix; Salix suchowensis	1	12
KXZ41318	Eukaryota; Viridiplantae; Chlorophyta; core chlorophytes; Chlorophyceae; CS clade; Chlamydomonadales; Volvocaceae; Gonium; Gonium pectorale	1	27
NP_564937	Eukaryota; Viridiplantae; Streptophyta; Streptophytina; Embryophyta; Tracheophyta; Euphyllophyta; Spermatophyta; Magnoliopsida; Mesangiospermae; eudicotyledons; Gunneridae; Pentapetalae; rosids; malvids; Brassicales; Brassicaceae; Camelineae; Arabidopsis; Arabidopsis thaliana	1	86
OAE27986	Eukaryota; Viridiplantae; Streptophyta; Streptophytina; Embryophyta; Marchantiophyta; Marchantiopsida; Marchantiidae; Marchantiales; Marchantiaceae; Marchantia; Marchantia polymorpha; Marchantia polymorpha subsp. ruderalis	1	4
PON87063	Eukaryota; Viridiplantae; Streptophyta; Streptophytina; Embryophyta; Tracheophyta; Euphyllophyta; Spermatophyta; Magnoliopsida; Mesangiospermae; eudicotyledons; Gunneridae; Pentapetalae; rosids; fabids; Rosales; Cannabaceae; Trema; Trema orientale	1	4
PZO45354	Bacteria; Terrabacteria group; Cyanobacteria/Melainabacteria group; Cyanobacteria; Synechococcales; Oculatellaceae; Shackletoniella; Shackletoniella antarctica	4	546
QDZ25182	Eukaryota; Viridiplantae; Chlorophyta; Chloropicophyceae; Chloropicales; Chloropicaceae; Chloropicon; Chloropicon primus
RZC29067	Eukaryota; Viridiplantae; Streptophyta; Streptophytina; Embryophyta; Tracheophyta; Euphyllophyta; Spermatophyta; Magnoliopsida; Mesangiospermae; eudicotyledons; Gunneridae; Pentapetalae; rosids; fabids; Fabales; Fabaceae; Papilionoideae; 50 kb inversion clade; NPAAA clade; indigoferoid/millettioid clade; Phaseoleae; Glycine; Glycine subgen. Soja; Glycine soja	1	35
RZC74833	Eukaryota; Viridiplantae; Streptophyta; Streptophytina; Embryophyta; Tracheophyta; Euphyllophyta; Spermatophyta; Magnoliopsida; Mesangiospermae; Ranunculales; Papaveraceae; Papaveroideae; Papaver; Papaver somniferum	1	4
TMB81532	Bacteria; Terrabacteria group; Chloroflexi; unclassified Chloroflexi; Chloroflexi bacterium	4	68
TXG56804	Eukaryota; Viridiplantae; Streptophyta; Streptophytina; Embryophyta; Tracheophyta; Euphyllophyta; Spermatophyta; Magnoliopsida; Mesangiospermae; eudicotyledons; Gunneridae; Pentapetalae; rosids; malvids; Sapindales; Sapindaceae; Hippocastanoideae; Acereae; Acer; Acer yangbiense	1	56
WP_012307683	Bacteria; Terrabacteria group; Cyanobacteria/Melainabacteria group; Cyanobacteria; Synechococcales; Synechococcaceae; Synechococcus; unclassified Synechococcus	4	10
WP_012307878	Bacteria; Terrabacteria group; Cyanobacteria/Melainabacteria group; Cyanobacteria; Synechococcales; Synechococcaceae; Synechococcus	4	546
WP_041740900	Bacteria; Terrabacteria group; Cyanobacteria/Melainabacteria group; Cyanobacteria; Nostocales; Calotrichaceae; Calothrix; unclassified Calothrix; Calothrix sp. PCC 6303	4	546
WP_058183385	Bacteria; Terrabacteria group; Cyanobacteria/Melainabacteria group; Cyanobacteria; Nostocales; Hapalosiphonaceae; Mastigocoleus; Mastigocoleus testarum	4	546
WP_086767400	Bacteria; Terrabacteria group; Cyanobacteria/Melainabacteria group; Cyanobacteria; Nostocales; Nostocaceae; Nostoc; unclassified Nostoc	4	10
WP_096588543	Bacteria; Terrabacteria group; Cyanobacteria/Melainabacteria group; Cyanobacteria; Nostocales; Calotrichaceae; Calothrix; unclassified Calothrix; Calothrix sp. NIES-2098	4	10
WP_111318900	Bacteria; Terrabacteria group; Chloroflexi; Ktedonobacteria; Ktedonobacterales; Thermosporotrichaceae; Thermosporothrix; Thermosporothrix hazakensis	4	68
WP_151756427	Bacteria; Terrabacteria group; Chloroflexi; Ktedonobacteria; Ktedonobacterales; Dictyobacteraceae; Dictyobacter; Dictyobacter vulcani	4	68
WP_190831579	Bacteria; Terrabacteria group; Cyanobacteria/Melainabacteria group; Cyanobacteria; Nostocales; Scytonemataceae; Iningainema; Iningainema tapete	4	10
WP_207956360	Bacteria; Terrabacteria group; Actinobacteria; Rubrobacteria; Rubrobacterales; Rubrobacteraceae; Rubrobacter; unclassified Rubrobacter; Rubrobacter sp. SCSIO 52915	4	68
WP_213031599	Bacteria; Proteobacteria; Gammaproteobacteria; Pseudomonadales; Moraxellaceae; Acinetobacter; Acinetobacter calcoaceticus/baumannii complex; Acinetobacter baumannii
XP_004512946	Eukaryota; Viridiplantae; Streptophyta; Streptophytina; Embryophyta; Tracheophyta; Euphyllophyta; Spermatophyta; Magnoliopsida; Mesangiospermae; eudicotyledons; Gunneridae; Pentapetalae; rosids; fabids; Fabales; Fabaceae; Papilionoideae; 50 kb inversion clade; NPAAA clade; Hologalegina; IRL clade; Cicereae; Cicer; Cicer arietinum	1	65
XP_005536834	Eukaryota; Rhodophyta; Bangiophyceae; Cyanidiales; Cyanidiaceae; Cyanidioschyzon; Cyanidioschyzon merolae; Cyanidioschyzon merolae strain 10D	1	3
XP_005822991	Eukaryota; Cryptophyceae; Pyrenomonadales; Geminigeraceae; Guillardia; Guillardia theta; Guillardia theta CCMP2712
XP_006437722	Eukaryota; Viridiplantae; Streptophyta; Streptophytina; Embryophyta; Tracheophyta; Euphyllophyta; Spermatophyta; Magnoliopsida; Mesangiospermae; eudicotyledons; Gunneridae; Pentapetalae; rosids; malvids; Sapindales; Rutaceae; Aurantioideae; Citrus; Citrus clementina
XP_006484423	Eukaryota; Viridiplantae; Streptophyta; Streptophytina; Embryophyta; Tracheophyta; Euphyllophyta; Spermatophyta; Magnoliopsida; Mesangiospermae; eudicotyledons; Gunneridae; Pentapetalae; rosids; malvids; Sapindales; Rutaceae; Aurantioideae; Citrus; Citrus sinensis	1	5
XP_008351876	Eukaryota; Viridiplantae; Streptophyta; Streptophytina; Embryophyta; Tracheophyta; Euphyllophyta; Spermatophyta; Magnoliopsida; Mesangiospermae; eudicotyledons; Gunneridae; Pentapetalae; rosids; fabids; Rosales; Rosaceae; Amygdaloideae; Maleae; Malus; Malus domestica	1	30
XP_010265218	Eukaryota; Viridiplantae; Streptophyta; Streptophytina; Embryophyta; Tracheophyta; Euphyllophyta; Spermatophyta; Magnoliopsida; Mesangiospermae; Proteales; Nelumbonaceae; Nelumbo; Nelumbo nucifera	1	3
XP_010551290	Eukaryota; Viridiplantae; Streptophyta; Streptophytina; Embryophyta; Tracheophyta; Euphyllophyta; Spermatophyta; Magnoliopsida; Mesangiospermae; eudicotyledons; Gunneridae; Pentapetalae; rosids; malvids; Brassicales; Cleomaceae; New World clade; Tarenaya; Tarenaya hassleriana	1	26
XP_024386010	Eukaryota; Viridiplantae; Streptophyta; Streptophytina; Embryophyta; Bryophyta; Bryophytina; Bryopsida; Funariidae; Funariales; Funariaceae; Physcomitrium; Physcomitrium patens	1	6
XP_034682772	Eukaryota; Viridiplantae; Streptophyta; Streptophytina; Embryophyta; Tracheophyta; Euphyllophyta; Spermatophyta; Magnoliopsida; Mesangiospermae; eudicotyledons; Gunneridae; Pentapetalae; rosids; rosids incertae sedis; Vitales; Vitaceae; Viteae; Vitis; Vitis riparia	1	6
XP_039069456	Eukaryota; Viridiplantae; Streptophyta; Streptophytina; Embryophyta; Tracheophyta; Euphyllophyta; Spermatophyta; Magnoliopsida; Mesangiospermae; eudicotyledons; Gunneridae; Pentapetalae; rosids; malvids; Malvales; Malvaceae; Malvoideae; Hibiscus; Hibiscus syriacus	1	33
XP_039127319	Eukaryota; Viridiplantae; Streptophyta; Streptophytina; Embryophyta; Tracheophyta; Euphyllophyta; Spermatophyta; Magnoliopsida; Mesangiospermae; Liliopsida; Petrosaviidae; Dioscoreales; Dioscoreaceae; Dioscorea; Dioscorea cayenensis; Dioscorea cayenensis subsp. rotundata
